All cities are present in the DataFrame.
1
2
3
4
5
6
7
8
9
10
11
12
13
14
15
16
17
18
19
20
     latitude  longitude  ... component_pm10  component_nh3
0   51.507446  -0.127765  ...          11.62           0.56
1   48.853495   2.348391  ...          14.65           1.49
2   52.517389  13.395131  ...           4.65           1.48
3   40.416705  -3.703582  ...           0.76           0.36
4   41.893320  12.482932  ...           5.16           0.34
5   48.208354  16.372504  ...           5.44           1.28
6   50.846557   4.351697  ...          26.28           2.58
7   52.373080   4.892453  ...          32.36           1.74
8   55.686724  12.570072  ...           1.76           0.67
9   59.913330  10.738970  ...           1.64           0.08
10  59.325117  18.071093  ...           0.50           0.20
11  60.169890  24.938472  ...           0.57           0.28
12  53.349379  -6.260559  ...           2.63           2.96
13  38.707751  -9.136592  ...          29.51           0.13
14  52.233374  21.071149  ...           0.66           0.90
15  50.087465  14.421254  ...          13.21           1.34
16  47.497879  19.040238  ...           3.84           1.07
17  37.975565  23.734832  ...           5.56           0.25
18  46.948474   7.452175  ...           7.85           2.66
19  42.697703  23.321736  ...           1.91           0.09

[20 rows x 14 columns]
    index               city_name        lat        lon
0       1  London, United Kingdom  51.507446  -0.127765
1       2           Paris, France  48.853495   2.348391
2       3         Berlin, Germany  52.517389  13.395131
3       4           Madrid, Spain  40.416705  -3.703582
4       5             Rome, Italy  41.893320  12.482932
5       6         Vienna, Austria  48.208354  16.372504
6       7       Brussels, Belgium  50.846557   4.351697
7       8  Amsterdam, Netherlands  52.373080   4.892453
8       9     Copenhagen, Denmark  55.686724  12.570072
9      10            Oslo, Norway  59.913330  10.738970
10     11       Stockholm, Sweden  59.325117  18.071093
11     12       Helsinki, Finland  60.169890  24.938472
12     13         Dublin, Ireland  53.349379  -6.260559
13     14        Lisbon, Portugal  38.707751  -9.136592
14     15          Warsaw, Poland  52.233374  21.071149
15     16  Prague, Czech Republic  50.087465  14.421254
16     17       Budapest, Hungary  47.497879  19.040238
17     18          Athens, Greece  37.975565  23.734832
18     19       Bern, Switzerland  46.948474   7.452175
19     20         Sofia, Bulgaria  42.697703  23.321736
    index               city_name  ...  component_pm10  component_nh3
0       1  London, United Kingdom  ...           11.62           0.56
1       2           Paris, France  ...           14.65           1.49
2       3         Berlin, Germany  ...            4.65           1.48
3       4           Madrid, Spain  ...            0.76           0.36
4       5             Rome, Italy  ...            5.16           0.34
5       6         Vienna, Austria  ...            5.44           1.28
6       7       Brussels, Belgium  ...           26.28           2.58
7       8  Amsterdam, Netherlands  ...           32.36           1.74
8       9     Copenhagen, Denmark  ...            1.76           0.67
9      10            Oslo, Norway  ...            1.64           0.08
10     11       Stockholm, Sweden  ...            0.50           0.20
11     12       Helsinki, Finland  ...            0.57           0.28
12     13         Dublin, Ireland  ...            2.63           2.96
13     14        Lisbon, Portugal  ...           29.51           0.13
14     15          Warsaw, Poland  ...            0.66           0.90
15     16  Prague, Czech Republic  ...           13.21           1.34
16     17       Budapest, Hungary  ...            3.84           1.07
17     18          Athens, Greece  ...            5.56           0.25
18     19       Bern, Switzerland  ...            7.85           2.66
19     20         Sofia, Bulgaria  ...            1.91           0.09

[20 rows x 18 columns]
0     2025-09-29 14
1     2025-09-29 14
2     2025-09-29 14
3     2025-09-29 14
4     2025-09-29 14
5     2025-09-29 14
6     2025-09-29 14
7     2025-09-29 14
8     2025-09-29 14
9     2025-09-29 14
10    2025-09-29 14
11    2025-09-29 14
12    2025-09-29 14
13    2025-09-29 14
14    2025-09-29 14
15    2025-09-29 14
16    2025-09-29 14
17    2025-09-29 14
18    2025-09-29 14
19    2025-09-29 14
Name: date_hour, dtype: object
Inserting 20 new weather records.
Inserted 20 weather records from DataFrame
All cities are present in the DataFrame.
1
2
3
4
5
6
7
8
9
10
11
12
13
14
15
16
17
18
19
20
Inserting 20 new weather records.
Inserted 20 weather records from DataFrame
All cities are present in the DataFrame.
1
2
3
4
5
6
7
8
9
10
11
12
13
14
15
16
17
18
19
20
Inserting 20 new weather records.
Inserted 20 weather records from DataFrame
All cities are present in the DataFrame.
1
2
3
4
5
6
7
8
9
10
11
12
13
14
15
16
17
18
19
20
Inserting 20 new weather records.
Inserted 20 weather records from DataFrame
